<?xml version="1.0" encoding="UTF-8"?>
<!-- Generated by org.testng.reporters.JUnitReportReporter -->
<testsuite hostname="INCSDHAWAR1L1C" failures="0" tests="1" name="TC001_GET_Request" time="7.863" errors="0" timestamp="2020-12-18T12:23:48 IST" skipped="0">
  <testcase classname="TC001_GET_Request" name="getData" time="7.863"/>
</testsuite> <!-- TC001_GET_Request -->
